<?xml version="1.0" encoding="UTF-8"?>
<testng-results ignored="0" total="5" passed="4" failed="1" skipped="0">
  <reporter-output>
  </reporter-output>
  <suite started-at="2022-03-01T14:04:43 IST" name="Default suite" finished-at="2022-03-01T14:06:10 IST" duration-ms="86369">
    <groups>
      <group name="cucumber">
        <method signature="AbstractTestNGCucumberTests.runScenario(io.cucumber.testng.PickleWrapper,io.cucumber.testng.FeatureWrapper)[pri:0, instance:runners.MyRunner@36bc55de]" name="runScenario" class="io.cucumber.testng.AbstractTestNGCucumberTests"/>
      </group> <!-- cucumber -->
    </groups>
    <test started-at="2022-03-01T14:04:43 IST" name="Default test" finished-at="2022-03-01T14:06:10 IST" duration-ms="86369">
      <class name="runners.MyRunner">
        <test-method is-config="true" signature="setUpClass(org.testng.ITestContext)[pri:0, instance:runners.MyRunner@36bc55de]" started-at="2022-03-01T14:04:43 IST" name="setUpClass" finished-at="2022-03-01T14:04:47 IST" duration-ms="3438" status="PASS">
          <params>
            <param index="0">
              <value>
                <![CDATA[org.testng.TestRunner@65d7eea4]]>
              </value>
            </param>
          </params>
          <reporter-output>
          </reporter-output>
        </test-method> <!-- setUpClass -->
        <test-method signature="runScenario(io.cucumber.testng.PickleWrapper,io.cucumber.testng.FeatureWrapper)[pri:0, instance:runners.MyRunner@36bc55de]" started-at="2022-03-01T14:04:47 IST" name="runScenario" description="Runs Cucumber Scenarios" data-provider="scenarios" finished-at="2022-03-01T14:05:17 IST" duration-ms="29945" status="PASS">
          <params>
            <param index="0">
              <value>
                <![CDATA["Validate Successful  Submission - Unique data"]]>
              </value>
            </param>
            <param index="1">
              <value>
                <![CDATA["Optional[Weddriver University- COntact us Page]"]]>
              </value>
            </param>
          </params>
          <reporter-output>
          </reporter-output>
        </test-method> <!-- runScenario -->
        <test-method signature="runScenario(io.cucumber.testng.PickleWrapper,io.cucumber.testng.FeatureWrapper)[pri:0, instance:runners.MyRunner@36bc55de]" started-at="2022-03-01T14:05:17 IST" name="runScenario" description="Runs Cucumber Scenarios" data-provider="scenarios" finished-at="2022-03-01T14:05:36 IST" duration-ms="18587" status="PASS">
          <params>
            <param index="0">
              <value>
                <![CDATA["Validate Successful Submission - Specific Data"]]>
              </value>
            </param>
            <param index="1">
              <value>
                <![CDATA["Optional[Weddriver University- COntact us Page]"]]>
              </value>
            </param>
          </params>
          <reporter-output>
          </reporter-output>
        </test-method> <!-- runScenario -->
        <test-method signature="runScenario(io.cucumber.testng.PickleWrapper,io.cucumber.testng.FeatureWrapper)[pri:0, instance:runners.MyRunner@36bc55de]" started-at="2022-03-01T14:05:36 IST" name="runScenario" description="Runs Cucumber Scenarios" data-provider="scenarios" finished-at="2022-03-01T14:05:47 IST" duration-ms="11200" status="PASS">
          <params>
            <param index="0">
              <value>
                <![CDATA["login to portal using valid credentials"]]>
              </value>
            </param>
            <param index="1">
              <value>
                <![CDATA["Optional[login feature]"]]>
              </value>
            </param>
          </params>
          <reporter-output>
          </reporter-output>
        </test-method> <!-- runScenario -->
        <test-method signature="runScenario(io.cucumber.testng.PickleWrapper,io.cucumber.testng.FeatureWrapper)[pri:0, instance:runners.MyRunner@36bc55de]" started-at="2022-03-01T14:05:47 IST" name="runScenario" description="Runs Cucumber Scenarios" data-provider="scenarios" finished-at="2022-03-01T14:05:59 IST" duration-ms="12105" status="FAIL">
          <params>
            <param index="0">
              <value>
                <![CDATA["login to portal using valid credentials"]]>
              </value>
            </param>
            <param index="1">
              <value>
                <![CDATA["Optional[login feature]"]]>
              </value>
            </param>
          </params>
          <exception class="java.lang.AssertionError">
            <message>
              <![CDATA[expected [validation failed1] but found [validation failed]]]>
            </message>
            <full-stacktrace>
              <![CDATA[java.lang.AssertionError: expected [validation failed1] but found [validation failed]
at org.testng.Assert.fail(Assert.java:99)
at org.testng.Assert.failNotEquals(Assert.java:1037)
at org.testng.Assert.assertEqualsImpl(Assert.java:140)
at org.testng.Assert.assertEquals(Assert.java:122)
at org.testng.Assert.assertEquals(Assert.java:629)
at org.testng.Assert.assertEquals(Assert.java:639)
at stepsDefinitions.LoginSteps.i_should_get_validation_alert_with(LoginSteps.java:61)
at ✽.I should get validation alert with  "validation failed1"(classpath:features/login.feature:11)
]]>
            </full-stacktrace>
          </exception> <!-- java.lang.AssertionError -->
          <reporter-output>
          </reporter-output>
        </test-method> <!-- runScenario -->
        <test-method signature="runScenario(io.cucumber.testng.PickleWrapper,io.cucumber.testng.FeatureWrapper)[pri:0, instance:runners.MyRunner@36bc55de]" started-at="2022-03-01T14:05:59 IST" name="runScenario" description="Runs Cucumber Scenarios" data-provider="scenarios" finished-at="2022-03-01T14:06:09 IST" duration-ms="10259" status="PASS">
          <params>
            <param index="0">
              <value>
                <![CDATA["login to portal using valid credentials"]]>
              </value>
            </param>
            <param index="1">
              <value>
                <![CDATA["Optional[login feature]"]]>
              </value>
            </param>
          </params>
          <reporter-output>
          </reporter-output>
        </test-method> <!-- runScenario -->
        <test-method is-config="true" signature="tearDownClass()[pri:0, instance:runners.MyRunner@36bc55de]" started-at="2022-03-01T14:06:09 IST" name="tearDownClass" finished-at="2022-03-01T14:06:10 IST" duration-ms="656" status="PASS">
          <reporter-output>
          </reporter-output>
        </test-method> <!-- tearDownClass -->
      </class> <!-- runners.MyRunner -->
    </test> <!-- Default test -->
  </suite> <!-- Default suite -->
</testng-results>
